2022-04-27 15:32:29,377 INFO org.springframework.boot.StartupInfoLogger [restartedMain] Starting KhadamniApplication using Java 17.0.2 on DESKTOP-NRGFNRU with PID 13364 (E:\Professional\Development\Spring\Project-X-Backend-Spring\target\classes started by Iheb in E:\Professional\Development\Spring\Project-X-Backend-Spring)
2022-04-27 15:32:29,379 INFO org.springframework.boot.SpringApplication [restartedMain] No active profile set, falling back to 1 default profile: "default"
2022-04-27 15:32:37,061 INFO org.springframework.boot.StartupInfoLogger [restartedMain] Started KhadamniApplication in 8.176 seconds (JVM running for 8.86)
2022-04-27 15:33:51,881 INFO tn.rnu.enicarthage.khadamni.controllers.AuthController [http-nio-8080-exec-3] Register company route was accessed from [0:0:0:0:0:0:0:1].
2022-04-27 15:33:52,358 INFO tn.rnu.enicarthage.khadamni.controllers.AuthController [http-nio-8080-exec-3] Successful company registration attempt from [0:0:0:0:0:0:0:1]. New account was created with username [microsoft@gmail.com].
2022-04-27 15:34:05,324 INFO tn.rnu.enicarthage.khadamni.controllers.OffersController [http-nio-8080-exec-5] Get by company route was accessed from [0:0:0:0:0:0:0:1] with company id [75].
2022-04-27 15:34:05,371 INFO tn.rnu.enicarthage.khadamni.controllers.OffersController [http-nio-8080-exec-5] Successful offer retrieval attempt from [0:0:0:0:0:0:0:1] with company id [75].
2022-04-27 15:35:01,503 INFO tn.rnu.enicarthage.khadamni.controllers.OffersController [http-nio-8080-exec-7] Add route was accessed from [0:0:0:0:0:0:0:1].
2022-04-27 15:35:01,548 INFO tn.rnu.enicarthage.khadamni.controllers.OffersController [http-nio-8080-exec-7] Successful offer creation attempt from [0:0:0:0:0:0:0:1].
2022-04-27 15:35:01,581 INFO tn.rnu.enicarthage.khadamni.controllers.OffersController [http-nio-8080-exec-9] Get by company route was accessed from [0:0:0:0:0:0:0:1] with company id [75].
2022-04-27 15:35:01,590 INFO tn.rnu.enicarthage.khadamni.controllers.OffersController [http-nio-8080-exec-9] Successful offer retrieval attempt from [0:0:0:0:0:0:0:1] with company id [75].
2022-04-27 15:35:13,297 INFO tn.rnu.enicarthage.khadamni.controllers.OffersController [http-nio-8080-exec-1] Get route was accessed from [0:0:0:0:0:0:0:1] with id [77].
2022-04-27 15:35:13,312 INFO tn.rnu.enicarthage.khadamni.controllers.OffersController [http-nio-8080-exec-1] Successful offer retrieval attempt from [0:0:0:0:0:0:0:1] with id [77].
2022-04-27 15:35:39,745 INFO tn.rnu.enicarthage.khadamni.controllers.OffersController [http-nio-8080-exec-3] Update route was accessed from [0:0:0:0:0:0:0:1].
2022-04-27 15:35:39,809 INFO tn.rnu.enicarthage.khadamni.controllers.OffersController [http-nio-8080-exec-3] Successful offer update attempt from [0:0:0:0:0:0:0:1] with id [77].
2022-04-27 15:35:43,650 INFO tn.rnu.enicarthage.khadamni.controllers.OffersController [http-nio-8080-exec-5] Get by company route was accessed from [0:0:0:0:0:0:0:1] with company id [75].
2022-04-27 15:35:43,661 INFO tn.rnu.enicarthage.khadamni.controllers.OffersController [http-nio-8080-exec-5] Successful offer retrieval attempt from [0:0:0:0:0:0:0:1] with company id [75].
2022-04-27 15:35:45,315 INFO tn.rnu.enicarthage.khadamni.controllers.OffersController [http-nio-8080-exec-7] Get route was accessed from [0:0:0:0:0:0:0:1] with id [77].
2022-04-27 15:35:45,323 INFO tn.rnu.enicarthage.khadamni.controllers.OffersController [http-nio-8080-exec-7] Successful offer retrieval attempt from [0:0:0:0:0:0:0:1] with id [77].
2022-04-27 15:35:49,477 INFO tn.rnu.enicarthage.khadamni.controllers.OffersController [http-nio-8080-exec-9] Get by company route was accessed from [0:0:0:0:0:0:0:1] with company id [75].
2022-04-27 15:35:49,484 INFO tn.rnu.enicarthage.khadamni.controllers.OffersController [http-nio-8080-exec-9] Successful offer retrieval attempt from [0:0:0:0:0:0:0:1] with company id [75].
2022-04-27 15:35:50,357 INFO tn.rnu.enicarthage.khadamni.controllers.OffersController [http-nio-8080-exec-1] Get route was accessed from [0:0:0:0:0:0:0:1] with id [77].
2022-04-27 15:35:50,364 INFO tn.rnu.enicarthage.khadamni.controllers.OffersController [http-nio-8080-exec-1] Successful offer retrieval attempt from [0:0:0:0:0:0:0:1] with id [77].
2022-04-27 15:35:50,386 INFO tn.rnu.enicarthage.khadamni.controllers.CompaniesController [http-nio-8080-exec-3] Get route was accessed from [0:0:0:0:0:0:0:1] with id [76].
2022-04-27 15:35:50,394 INFO tn.rnu.enicarthage.khadamni.controllers.CompaniesController [http-nio-8080-exec-3] Successful company retrieval attempt from [0:0:0:0:0:0:0:1] with id [76].
2022-04-27 15:35:50,407 INFO tn.rnu.enicarthage.khadamni.controllers.CompaniesController [http-nio-8080-exec-4] Download photo route was accessed from [0:0:0:0:0:0:0:1] and id [76].
2022-04-27 15:35:50,412 INFO tn.rnu.enicarthage.khadamni.controllers.CompaniesController [http-nio-8080-exec-4] Successful photo retrieval attempt from [0:0:0:0:0:0:0:1] with id [76].
2022-04-27 15:35:53,147 INFO tn.rnu.enicarthage.khadamni.controllers.OffersController [http-nio-8080-exec-5] Get by company route was accessed from [0:0:0:0:0:0:0:1] with company id [75].
2022-04-27 15:35:53,158 INFO tn.rnu.enicarthage.khadamni.controllers.OffersController [http-nio-8080-exec-5] Successful offer retrieval attempt from [0:0:0:0:0:0:0:1] with company id [75].
2022-04-27 15:35:55,339 INFO tn.rnu.enicarthage.khadamni.controllers.OffersController [http-nio-8080-exec-7] Delete route was accessed from [0:0:0:0:0:0:0:1].
2022-04-27 15:35:55,376 INFO tn.rnu.enicarthage.khadamni.controllers.OffersController [http-nio-8080-exec-7] Successful offer deletion attempt from [0:0:0:0:0:0:0:1] with id [77].
2022-04-27 15:37:05,966 INFO tn.rnu.enicarthage.khadamni.controllers.OffersController [http-nio-8080-exec-1] Get by company route was accessed from [0:0:0:0:0:0:0:1] with company id [75].
2022-04-27 15:37:05,976 INFO tn.rnu.enicarthage.khadamni.controllers.OffersController [http-nio-8080-exec-1] Successful offer retrieval attempt from [0:0:0:0:0:0:0:1] with company id [75].
2022-04-27 15:37:20,488 INFO tn.rnu.enicarthage.khadamni.controllers.OffersController [http-nio-8080-exec-3] Get by company route was accessed from [0:0:0:0:0:0:0:1] with company id [75].
2022-04-27 15:37:20,500 INFO tn.rnu.enicarthage.khadamni.controllers.OffersController [http-nio-8080-exec-3] Successful offer retrieval attempt from [0:0:0:0:0:0:0:1] with company id [75].
2022-04-27 15:37:35,663 INFO tn.rnu.enicarthage.khadamni.controllers.OffersController [http-nio-8080-exec-5] Get by company route was accessed from [0:0:0:0:0:0:0:1] with company id [75].
2022-04-27 15:37:35,674 INFO tn.rnu.enicarthage.khadamni.controllers.OffersController [http-nio-8080-exec-5] Successful offer retrieval attempt from [0:0:0:0:0:0:0:1] with company id [75].
2022-04-27 15:37:40,350 INFO tn.rnu.enicarthage.khadamni.controllers.OffersController [http-nio-8080-exec-6] Get by company route was accessed from [0:0:0:0:0:0:0:1] with company id [75].
2022-04-27 15:37:40,357 INFO tn.rnu.enicarthage.khadamni.controllers.OffersController [http-nio-8080-exec-6] Successful offer retrieval attempt from [0:0:0:0:0:0:0:1] with company id [75].
2022-04-27 15:38:06,383 INFO tn.rnu.enicarthage.khadamni.controllers.AuthController [http-nio-8080-exec-8] Login route was accessed from [0:0:0:0:0:0:0:1] with email [randyorton@gmail.com].
2022-04-27 15:38:06,500 INFO tn.rnu.enicarthage.khadamni.controllers.AuthController [http-nio-8080-exec-8] Failed login attempt from [0:0:0:0:0:0:0:1] with email [randyorton@gmail.com]: [Login Failed, Please Verify Your Credentials!].
2022-04-27 15:38:10,536 INFO tn.rnu.enicarthage.khadamni.controllers.AuthController [http-nio-8080-exec-9] Login route was accessed from [0:0:0:0:0:0:0:1] with email [randyorton@gmail.com].
2022-04-27 15:38:10,645 INFO tn.rnu.enicarthage.khadamni.controllers.AuthController [http-nio-8080-exec-9] Successful login attempt from [0:0:0:0:0:0:0:1] with email [randyorton@gmail.com].
2022-04-27 15:54:19,575 INFO tn.rnu.enicarthage.khadamni.controllers.AuthController [http-nio-8080-exec-2] Register candidate route was accessed from [0:0:0:0:0:0:0:1].
2022-04-27 15:54:19,725 INFO tn.rnu.enicarthage.khadamni.controllers.AuthController [http-nio-8080-exec-2] Successful candidate registration attempt from [0:0:0:0:0:0:0:1]. New account was created with username [ihebhtewech@gmail.com].
2022-04-27 15:54:38,031 INFO tn.rnu.enicarthage.khadamni.controllers.AuthController [http-nio-8080-exec-4] Login route was accessed from [0:0:0:0:0:0:0:1] with email [ihebhtewech@gmail.com].
2022-04-27 15:54:38,133 INFO tn.rnu.enicarthage.khadamni.controllers.AuthController [http-nio-8080-exec-4] Successful login attempt from [0:0:0:0:0:0:0:1] with email [ihebhtewech@gmail.com].
2022-04-27 15:55:26,645 INFO tn.rnu.enicarthage.khadamni.controllers.AuthController [http-nio-8080-exec-5] Register company route was accessed from [0:0:0:0:0:0:0:1].
2022-04-27 15:55:26,747 INFO tn.rnu.enicarthage.khadamni.controllers.AuthController [http-nio-8080-exec-5] Successful company registration attempt from [0:0:0:0:0:0:0:1]. New account was created with username [actia@gmail.com].
2022-04-27 15:56:10,330 INFO tn.rnu.enicarthage.khadamni.controllers.AuthController [http-nio-8080-exec-9] Login route was accessed from [0:0:0:0:0:0:0:1] with email [actia@gmail.com].
2022-04-27 15:56:10,441 INFO tn.rnu.enicarthage.khadamni.controllers.AuthController [http-nio-8080-exec-9] Successful login attempt from [0:0:0:0:0:0:0:1] with email [actia@gmail.com].
2022-04-27 15:56:36,084 INFO tn.rnu.enicarthage.khadamni.controllers.OffersController [http-nio-8080-exec-3] Get by company route was accessed from [0:0:0:0:0:0:0:1] with company id [80].
2022-04-27 15:56:36,095 INFO tn.rnu.enicarthage.khadamni.controllers.OffersController [http-nio-8080-exec-3] Successful offer retrieval attempt from [0:0:0:0:0:0:0:1] with company id [80].
2022-04-27 15:57:49,865 INFO tn.rnu.enicarthage.khadamni.controllers.OffersController [http-nio-8080-exec-7] Get by company route was accessed from [0:0:0:0:0:0:0:1] with company id [80].
2022-04-27 15:57:49,877 INFO tn.rnu.enicarthage.khadamni.controllers.OffersController [http-nio-8080-exec-7] Successful offer retrieval attempt from [0:0:0:0:0:0:0:1] with company id [80].
2022-04-27 15:59:47,533 INFO tn.rnu.enicarthage.khadamni.controllers.OffersController [http-nio-8080-exec-1] Get by company route was accessed from [0:0:0:0:0:0:0:1] with company id [80].
2022-04-27 15:59:47,547 INFO tn.rnu.enicarthage.khadamni.controllers.OffersController [http-nio-8080-exec-1] Successful offer retrieval attempt from [0:0:0:0:0:0:0:1] with company id [80].
2022-04-27 16:00:00,071 INFO tn.rnu.enicarthage.khadamni.controllers.OffersController [http-nio-8080-exec-3] Get by company route was accessed from [0:0:0:0:0:0:0:1] with company id [80].
2022-04-27 16:00:00,431 INFO tn.rnu.enicarthage.khadamni.controllers.OffersController [http-nio-8080-exec-3] Successful offer retrieval attempt from [0:0:0:0:0:0:0:1] with company id [80].
2022-04-27 16:01:23,669 INFO tn.rnu.enicarthage.khadamni.controllers.OffersController [http-nio-8080-exec-7] Get by company route was accessed from [0:0:0:0:0:0:0:1] with company id [80].
2022-04-27 16:01:23,680 INFO tn.rnu.enicarthage.khadamni.controllers.OffersController [http-nio-8080-exec-7] Successful offer retrieval attempt from [0:0:0:0:0:0:0:1] with company id [80].
2022-04-27 16:02:32,007 INFO org.springframework.boot.StartupInfoLogger [restartedMain] Starting KhadamniApplication using Java 17.0.2 on DESKTOP-NRGFNRU with PID 17648 (E:\Professional\Development\Spring\Project-X-Backend-Spring\target\classes started by Iheb in E:\Professional\Development\Spring\Project-X-Backend-Spring)
2022-04-27 16:02:32,009 INFO org.springframework.boot.SpringApplication [restartedMain] No active profile set, falling back to 1 default profile: "default"
2022-04-27 16:02:41,976 INFO org.springframework.boot.StartupInfoLogger [restartedMain] Started KhadamniApplication in 10.556 seconds (JVM running for 11.206)
2022-04-27 16:04:16,430 INFO tn.rnu.enicarthage.khadamni.controllers.AuthController [http-nio-8080-exec-2] Login route was accessed from [0:0:0:0:0:0:0:1] with email [actia@gmail.com].
2022-04-27 16:04:16,840 INFO tn.rnu.enicarthage.khadamni.controllers.AuthController [http-nio-8080-exec-2] Successful login attempt from [0:0:0:0:0:0:0:1] with email [actia@gmail.com].
2022-04-27 16:04:51,122 INFO tn.rnu.enicarthage.khadamni.controllers.OffersController [http-nio-8080-exec-8] Get by company route was accessed from [0:0:0:0:0:0:0:1] with company id [80].
2022-04-27 16:04:51,146 INFO tn.rnu.enicarthage.khadamni.controllers.OffersController [http-nio-8080-exec-8] Successful offer retrieval attempt from [0:0:0:0:0:0:0:1] with company id [80].
2022-04-27 16:05:02,307 INFO tn.rnu.enicarthage.khadamni.controllers.OffersController [http-nio-8080-exec-1] Get by company route was accessed from [0:0:0:0:0:0:0:1] with company id [80].
2022-04-27 16:05:02,317 INFO tn.rnu.enicarthage.khadamni.controllers.OffersController [http-nio-8080-exec-1] Successful offer retrieval attempt from [0:0:0:0:0:0:0:1] with company id [80].
2022-04-27 16:05:18,442 INFO tn.rnu.enicarthage.khadamni.controllers.AuthController [http-nio-8080-exec-3] Refresh token route was accessed from [0:0:0:0:0:0:0:1].
2022-04-27 16:05:18,483 INFO tn.rnu.enicarthage.khadamni.controllers.AuthController [http-nio-8080-exec-3] Successful token refresh attempt from [0:0:0:0:0:0:0:1]. New token was issued.
2022-04-27 16:06:43,204 INFO tn.rnu.enicarthage.khadamni.controllers.AuthController [http-nio-8080-exec-1] Refresh token route was accessed from [0:0:0:0:0:0:0:1].
2022-04-27 16:06:43,234 INFO tn.rnu.enicarthage.khadamni.controllers.AuthController [http-nio-8080-exec-1] Successful token refresh attempt from [0:0:0:0:0:0:0:1]. New token was issued.
2022-04-27 16:06:43,248 INFO tn.rnu.enicarthage.khadamni.controllers.OffersController [http-nio-8080-exec-2] Get by company route was accessed from [0:0:0:0:0:0:0:1] with company id [80].
2022-04-27 16:06:43,259 INFO tn.rnu.enicarthage.khadamni.controllers.OffersController [http-nio-8080-exec-2] Successful offer retrieval attempt from [0:0:0:0:0:0:0:1] with company id [80].
2022-04-27 16:07:49,713 INFO tn.rnu.enicarthage.khadamni.controllers.AuthController [http-nio-8080-exec-5] Refresh token route was accessed from [0:0:0:0:0:0:0:1].
2022-04-27 16:07:49,738 INFO tn.rnu.enicarthage.khadamni.controllers.AuthController [http-nio-8080-exec-5] Successful token refresh attempt from [0:0:0:0:0:0:0:1]. New token was issued.
2022-04-27 16:07:53,354 INFO tn.rnu.enicarthage.khadamni.controllers.OffersController [http-nio-8080-exec-9] Get by company route was accessed from [0:0:0:0:0:0:0:1] with company id [80].
2022-04-27 16:07:53,367 INFO tn.rnu.enicarthage.khadamni.controllers.OffersController [http-nio-8080-exec-9] Successful offer retrieval attempt from [0:0:0:0:0:0:0:1] with company id [80].
2022-04-27 16:08:43,022 INFO tn.rnu.enicarthage.khadamni.controllers.OffersController [http-nio-8080-exec-10] Get by company route was accessed from [0:0:0:0:0:0:0:1] with company id [80].
2022-04-27 16:08:43,033 INFO tn.rnu.enicarthage.khadamni.controllers.OffersController [http-nio-8080-exec-10] Successful offer retrieval attempt from [0:0:0:0:0:0:0:1] with company id [80].
2022-04-27 16:08:53,811 INFO tn.rnu.enicarthage.khadamni.controllers.AuthController [http-nio-8080-exec-2] Refresh token route was accessed from [0:0:0:0:0:0:0:1].
2022-04-27 16:08:53,852 INFO tn.rnu.enicarthage.khadamni.controllers.AuthController [http-nio-8080-exec-2] Successful token refresh attempt from [0:0:0:0:0:0:0:1]. New token was issued.
2022-04-27 16:09:06,976 INFO tn.rnu.enicarthage.khadamni.controllers.OffersController [http-nio-8080-exec-3] Get by company route was accessed from [0:0:0:0:0:0:0:1] with company id [80].
2022-04-27 16:09:06,987 INFO tn.rnu.enicarthage.khadamni.controllers.OffersController [http-nio-8080-exec-3] Successful offer retrieval attempt from [0:0:0:0:0:0:0:1] with company id [80].
2022-04-27 16:09:23,139 INFO org.springframework.boot.StartupInfoLogger [restartedMain] Starting KhadamniApplication using Java 17.0.2 on DESKTOP-NRGFNRU with PID 1556 (E:\Professional\Development\Spring\Project-X-Backend-Spring\target\classes started by Iheb in E:\Professional\Development\Spring\Project-X-Backend-Spring)
2022-04-27 16:09:23,144 INFO org.springframework.boot.SpringApplication [restartedMain] No active profile set, falling back to 1 default profile: "default"
2022-04-27 16:09:31,986 INFO org.springframework.boot.StartupInfoLogger [restartedMain] Started KhadamniApplication in 9.622 seconds (JVM running for 10.178)
2022-04-27 16:09:41,019 INFO tn.rnu.enicarthage.khadamni.controllers.OffersController [http-nio-8080-exec-2] Get by company route was accessed from [0:0:0:0:0:0:0:1] with company id [80].
2022-04-27 16:09:41,244 INFO tn.rnu.enicarthage.khadamni.controllers.OffersController [http-nio-8080-exec-2] Successful offer retrieval attempt from [0:0:0:0:0:0:0:1] with company id [80].
2022-04-27 16:10:16,470 INFO tn.rnu.enicarthage.khadamni.controllers.AuthController [http-nio-8080-exec-6] Refresh token route was accessed from [0:0:0:0:0:0:0:1].
2022-04-27 16:10:16,618 INFO tn.rnu.enicarthage.khadamni.controllers.AuthController [http-nio-8080-exec-6] Successful token refresh attempt from [0:0:0:0:0:0:0:1]. New token was issued.
2022-04-27 16:10:16,687 INFO tn.rnu.enicarthage.khadamni.controllers.OffersController [http-nio-8080-exec-7] Add route was accessed from [0:0:0:0:0:0:0:1].
2022-04-27 16:10:16,863 INFO tn.rnu.enicarthage.khadamni.controllers.OffersController [http-nio-8080-exec-7] Successful offer creation attempt from [0:0:0:0:0:0:0:1].
2022-04-27 16:10:16,908 INFO tn.rnu.enicarthage.khadamni.controllers.OffersController [http-nio-8080-exec-9] Get by company route was accessed from [0:0:0:0:0:0:0:1] with company id [80].
2022-04-27 16:10:16,920 INFO tn.rnu.enicarthage.khadamni.controllers.OffersController [http-nio-8080-exec-9] Successful offer retrieval attempt from [0:0:0:0:0:0:0:1] with company id [80].
2022-04-27 16:10:28,682 INFO tn.rnu.enicarthage.khadamni.controllers.OffersController [http-nio-8080-exec-1] Get by company route was accessed from [0:0:0:0:0:0:0:1] with company id [80].
2022-04-27 16:10:28,692 INFO tn.rnu.enicarthage.khadamni.controllers.OffersController [http-nio-8080-exec-1] Successful offer retrieval attempt from [0:0:0:0:0:0:0:1] with company id [80].
2022-04-27 16:10:30,054 INFO tn.rnu.enicarthage.khadamni.controllers.OffersController [http-nio-8080-exec-3] Get route was accessed from [0:0:0:0:0:0:0:1] with id [82].
2022-04-27 16:10:30,064 INFO tn.rnu.enicarthage.khadamni.controllers.OffersController [http-nio-8080-exec-3] Successful offer retrieval attempt from [0:0:0:0:0:0:0:1] with id [82].
2022-04-27 16:10:30,078 INFO tn.rnu.enicarthage.khadamni.controllers.CompaniesController [http-nio-8080-exec-5] Get route was accessed from [0:0:0:0:0:0:0:1] with id [81].
2022-04-27 16:10:30,092 INFO tn.rnu.enicarthage.khadamni.controllers.CompaniesController [http-nio-8080-exec-5] Successful company retrieval attempt from [0:0:0:0:0:0:0:1] with id [81].
2022-04-27 16:10:30,106 INFO tn.rnu.enicarthage.khadamni.controllers.CompaniesController [http-nio-8080-exec-6] Download photo route was accessed from [0:0:0:0:0:0:0:1] and id [81].
2022-04-27 16:10:30,110 INFO tn.rnu.enicarthage.khadamni.controllers.CompaniesController [http-nio-8080-exec-6] Successful photo retrieval attempt from [0:0:0:0:0:0:0:1] with id [81].
2022-04-27 16:10:32,798 INFO tn.rnu.enicarthage.khadamni.controllers.OffersController [http-nio-8080-exec-7] Get by company route was accessed from [0:0:0:0:0:0:0:1] with company id [80].
2022-04-27 16:10:32,805 INFO tn.rnu.enicarthage.khadamni.controllers.OffersController [http-nio-8080-exec-7] Successful offer retrieval attempt from [0:0:0:0:0:0:0:1] with company id [80].
2022-04-27 16:10:33,783 INFO tn.rnu.enicarthage.khadamni.controllers.OffersController [http-nio-8080-exec-8] Get route was accessed from [0:0:0:0:0:0:0:1] with id [82].
2022-04-27 16:10:33,790 INFO tn.rnu.enicarthage.khadamni.controllers.OffersController [http-nio-8080-exec-8] Successful offer retrieval attempt from [0:0:0:0:0:0:0:1] with id [82].
2022-04-27 16:11:12,855 INFO tn.rnu.enicarthage.khadamni.controllers.OffersController [http-nio-8080-exec-10] Get route was accessed from [0:0:0:0:0:0:0:1] with id [82].
2022-04-27 16:11:12,866 INFO tn.rnu.enicarthage.khadamni.controllers.OffersController [http-nio-8080-exec-10] Successful offer retrieval attempt from [0:0:0:0:0:0:0:1] with id [82].
2022-04-27 16:11:15,153 INFO tn.rnu.enicarthage.khadamni.controllers.OffersController [http-nio-8080-exec-2] Get by company route was accessed from [0:0:0:0:0:0:0:1] with company id [80].
2022-04-27 16:11:15,163 INFO tn.rnu.enicarthage.khadamni.controllers.OffersController [http-nio-8080-exec-2] Successful offer retrieval attempt from [0:0:0:0:0:0:0:1] with company id [80].
2022-04-27 16:11:18,786 INFO tn.rnu.enicarthage.khadamni.controllers.OffersController [http-nio-8080-exec-3] Get by company route was accessed from [0:0:0:0:0:0:0:1] with company id [80].
2022-04-27 16:11:18,799 INFO tn.rnu.enicarthage.khadamni.controllers.OffersController [http-nio-8080-exec-3] Successful offer retrieval attempt from [0:0:0:0:0:0:0:1] with company id [80].
2022-04-27 16:11:42,053 INFO tn.rnu.enicarthage.khadamni.controllers.OffersController [http-nio-8080-exec-5] Get by company route was accessed from [0:0:0:0:0:0:0:1] with company id [80].
2022-04-27 16:11:42,058 INFO tn.rnu.enicarthage.khadamni.controllers.OffersController [http-nio-8080-exec-5] Successful offer retrieval attempt from [0:0:0:0:0:0:0:1] with company id [80].
2022-04-27 16:11:43,256 INFO tn.rnu.enicarthage.khadamni.controllers.OffersController [http-nio-8080-exec-7] Get route was accessed from [0:0:0:0:0:0:0:1] with id [82].
2022-04-27 16:11:43,265 INFO tn.rnu.enicarthage.khadamni.controllers.OffersController [http-nio-8080-exec-7] Successful offer retrieval attempt from [0:0:0:0:0:0:0:1] with id [82].
2022-04-27 16:11:47,083 INFO tn.rnu.enicarthage.khadamni.controllers.OffersController [http-nio-8080-exec-9] Get by company route was accessed from [0:0:0:0:0:0:0:1] with company id [80].
2022-04-27 16:11:47,089 INFO tn.rnu.enicarthage.khadamni.controllers.OffersController [http-nio-8080-exec-9] Successful offer retrieval attempt from [0:0:0:0:0:0:0:1] with company id [80].
2022-04-27 16:11:49,422 INFO tn.rnu.enicarthage.khadamni.controllers.OffersController [http-nio-8080-exec-10] Get by company route was accessed from [0:0:0:0:0:0:0:1] with company id [80].
2022-04-27 16:11:49,434 INFO tn.rnu.enicarthage.khadamni.controllers.OffersController [http-nio-8080-exec-10] Successful offer retrieval attempt from [0:0:0:0:0:0:0:1] with company id [80].
2022-04-27 16:11:51,315 INFO tn.rnu.enicarthage.khadamni.controllers.OffersController [http-nio-8080-exec-2] Get route was accessed from [0:0:0:0:0:0:0:1] with id [82].
2022-04-27 16:11:51,322 INFO tn.rnu.enicarthage.khadamni.controllers.OffersController [http-nio-8080-exec-2] Successful offer retrieval attempt from [0:0:0:0:0:0:0:1] with id [82].
2022-04-27 16:11:51,335 INFO tn.rnu.enicarthage.khadamni.controllers.CompaniesController [http-nio-8080-exec-4] Get route was accessed from [0:0:0:0:0:0:0:1] with id [81].
2022-04-27 16:11:51,342 INFO tn.rnu.enicarthage.khadamni.controllers.CompaniesController [http-nio-8080-exec-4] Successful company retrieval attempt from [0:0:0:0:0:0:0:1] with id [81].
2022-04-27 16:11:51,351 INFO tn.rnu.enicarthage.khadamni.controllers.CompaniesController [http-nio-8080-exec-5] Download photo route was accessed from [0:0:0:0:0:0:0:1] and id [81].
2022-04-27 16:11:51,355 INFO tn.rnu.enicarthage.khadamni.controllers.CompaniesController [http-nio-8080-exec-5] Successful photo retrieval attempt from [0:0:0:0:0:0:0:1] with id [81].
2022-04-27 16:12:03,212 INFO tn.rnu.enicarthage.khadamni.controllers.OffersController [http-nio-8080-exec-7] Get by company route was accessed from [0:0:0:0:0:0:0:1] with company id [80].
2022-04-27 16:12:03,225 INFO tn.rnu.enicarthage.khadamni.controllers.OffersController [http-nio-8080-exec-7] Successful offer retrieval attempt from [0:0:0:0:0:0:0:1] with company id [80].
2022-04-27 16:12:07,894 INFO tn.rnu.enicarthage.khadamni.controllers.OffersController [http-nio-8080-exec-9] Delete route was accessed from [0:0:0:0:0:0:0:1].
2022-04-27 16:12:07,940 INFO tn.rnu.enicarthage.khadamni.controllers.OffersController [http-nio-8080-exec-9] Successful offer deletion attempt from [0:0:0:0:0:0:0:1] with id [82].
2022-04-27 16:15:41,144 INFO tn.rnu.enicarthage.khadamni.controllers.AuthController [http-nio-8080-exec-2] Register candidate route was accessed from [0:0:0:0:0:0:0:1].
2022-04-27 16:15:44,989 INFO tn.rnu.enicarthage.khadamni.controllers.AuthController [http-nio-8080-exec-2] Successful candidate registration attempt from [0:0:0:0:0:0:0:1]. New account was created with username [ihebhtewech@gmail.com].
2022-04-27 16:16:07,904 INFO tn.rnu.enicarthage.khadamni.controllers.AuthController [http-nio-8080-exec-5] Login route was accessed from [0:0:0:0:0:0:0:1] with email [ihebhtewech@gmail.com].
2022-04-27 16:16:08,220 INFO tn.rnu.enicarthage.khadamni.controllers.AuthController [http-nio-8080-exec-5] Successful login attempt from [0:0:0:0:0:0:0:1] with email [ihebhtewech@gmail.com].
2022-04-27 16:16:26,354 INFO tn.rnu.enicarthage.khadamni.controllers.AuthController [http-nio-8080-exec-9] Login route was accessed from [0:0:0:0:0:0:0:1] with email [ihebhtewech@gmail.com].
2022-04-27 16:16:26,524 INFO tn.rnu.enicarthage.khadamni.controllers.AuthController [http-nio-8080-exec-9] Successful login attempt from [0:0:0:0:0:0:0:1] with email [ihebhtewech@gmail.com].
2022-04-27 16:17:29,745 INFO tn.rnu.enicarthage.khadamni.controllers.AuthController [http-nio-8080-exec-2] Register company route was accessed from [0:0:0:0:0:0:0:1].
2022-04-27 16:17:29,932 INFO tn.rnu.enicarthage.khadamni.controllers.AuthController [http-nio-8080-exec-2] Successful company registration attempt from [0:0:0:0:0:0:0:1]. New account was created with username [mycompany@gmail.com].
2022-04-27 16:17:34,300 INFO tn.rnu.enicarthage.khadamni.controllers.OffersController [http-nio-8080-exec-4] Get by company route was accessed from [0:0:0:0:0:0:0:1] with company id [85].
2022-04-27 16:17:34,314 INFO tn.rnu.enicarthage.khadamni.controllers.OffersController [http-nio-8080-exec-4] Successful offer retrieval attempt from [0:0:0:0:0:0:0:1] with company id [85].
2022-04-27 16:18:55,741 INFO tn.rnu.enicarthage.khadamni.controllers.OffersController [http-nio-8080-exec-8] Add route was accessed from [0:0:0:0:0:0:0:1].
2022-04-27 16:18:55,781 INFO tn.rnu.enicarthage.khadamni.controllers.OffersController [http-nio-8080-exec-8] Successful offer creation attempt from [0:0:0:0:0:0:0:1].
2022-04-27 16:18:55,814 INFO tn.rnu.enicarthage.khadamni.controllers.OffersController [http-nio-8080-exec-10] Get by company route was accessed from [0:0:0:0:0:0:0:1] with company id [85].
2022-04-27 16:18:55,826 INFO tn.rnu.enicarthage.khadamni.controllers.OffersController [http-nio-8080-exec-10] Successful offer retrieval attempt from [0:0:0:0:0:0:0:1] with company id [85].
2022-04-27 16:19:00,855 INFO tn.rnu.enicarthage.khadamni.controllers.OffersController [http-nio-8080-exec-2] Get route was accessed from [0:0:0:0:0:0:0:1] with id [87].
2022-04-27 16:19:00,868 INFO tn.rnu.enicarthage.khadamni.controllers.OffersController [http-nio-8080-exec-2] Successful offer retrieval attempt from [0:0:0:0:0:0:0:1] with id [87].
2022-04-27 16:19:00,886 INFO tn.rnu.enicarthage.khadamni.controllers.CompaniesController [http-nio-8080-exec-4] Get route was accessed from [0:0:0:0:0:0:0:1] with id [86].
2022-04-27 16:19:00,894 INFO tn.rnu.enicarthage.khadamni.controllers.CompaniesController [http-nio-8080-exec-4] Successful company retrieval attempt from [0:0:0:0:0:0:0:1] with id [86].
2022-04-27 16:19:00,902 INFO tn.rnu.enicarthage.khadamni.controllers.CompaniesController [http-nio-8080-exec-6] Download photo route was accessed from [0:0:0:0:0:0:0:1] and id [86].
2022-04-27 16:19:00,908 INFO tn.rnu.enicarthage.khadamni.controllers.CompaniesController [http-nio-8080-exec-6] Successful photo retrieval attempt from [0:0:0:0:0:0:0:1] with id [86].
2022-04-27 16:19:10,043 INFO tn.rnu.enicarthage.khadamni.controllers.OffersController [http-nio-8080-exec-7] Get by company route was accessed from [0:0:0:0:0:0:0:1] with company id [85].
2022-04-27 16:19:10,052 INFO tn.rnu.enicarthage.khadamni.controllers.OffersController [http-nio-8080-exec-7] Successful offer retrieval attempt from [0:0:0:0:0:0:0:1] with company id [85].
2022-04-27 16:19:12,896 INFO tn.rnu.enicarthage.khadamni.controllers.OffersController [http-nio-8080-exec-9] Get route was accessed from [0:0:0:0:0:0:0:1] with id [87].
2022-04-27 16:19:12,903 INFO tn.rnu.enicarthage.khadamni.controllers.OffersController [http-nio-8080-exec-9] Successful offer retrieval attempt from [0:0:0:0:0:0:0:1] with id [87].
2022-04-27 16:19:44,765 INFO tn.rnu.enicarthage.khadamni.controllers.OffersController [http-nio-8080-exec-1] Update route was accessed from [0:0:0:0:0:0:0:1].
2022-04-27 16:19:44,794 INFO tn.rnu.enicarthage.khadamni.controllers.OffersController [http-nio-8080-exec-1] Successful offer update attempt from [0:0:0:0:0:0:0:1] with id [87].
2022-04-27 16:19:47,710 INFO tn.rnu.enicarthage.khadamni.controllers.OffersController [http-nio-8080-exec-3] Get by company route was accessed from [0:0:0:0:0:0:0:1] with company id [85].
2022-04-27 16:19:47,724 INFO tn.rnu.enicarthage.khadamni.controllers.OffersController [http-nio-8080-exec-3] Successful offer retrieval attempt from [0:0:0:0:0:0:0:1] with company id [85].
2022-04-27 16:19:49,657 INFO tn.rnu.enicarthage.khadamni.controllers.OffersController [http-nio-8080-exec-4] Get route was accessed from [0:0:0:0:0:0:0:1] with id [87].
2022-04-27 16:19:49,671 INFO tn.rnu.enicarthage.khadamni.controllers.OffersController [http-nio-8080-exec-4] Successful offer retrieval attempt from [0:0:0:0:0:0:0:1] with id [87].
2022-04-27 16:19:49,690 INFO tn.rnu.enicarthage.khadamni.controllers.CompaniesController [http-nio-8080-exec-5] Get route was accessed from [0:0:0:0:0:0:0:1] with id [86].
2022-04-27 16:19:49,699 INFO tn.rnu.enicarthage.khadamni.controllers.CompaniesController [http-nio-8080-exec-5] Successful company retrieval attempt from [0:0:0:0:0:0:0:1] with id [86].
2022-04-27 16:19:49,712 INFO tn.rnu.enicarthage.khadamni.controllers.CompaniesController [http-nio-8080-exec-7] Download photo route was accessed from [0:0:0:0:0:0:0:1] and id [86].
2022-04-27 16:19:49,717 INFO tn.rnu.enicarthage.khadamni.controllers.CompaniesController [http-nio-8080-exec-7] Successful photo retrieval attempt from [0:0:0:0:0:0:0:1] with id [86].
2022-04-27 16:19:56,175 INFO tn.rnu.enicarthage.khadamni.controllers.OffersController [http-nio-8080-exec-9] Get by company route was accessed from [0:0:0:0:0:0:0:1] with company id [85].
2022-04-27 16:19:56,180 INFO tn.rnu.enicarthage.khadamni.controllers.OffersController [http-nio-8080-exec-9] Successful offer retrieval attempt from [0:0:0:0:0:0:0:1] with company id [85].
2022-04-27 16:19:58,859 INFO tn.rnu.enicarthage.khadamni.controllers.OffersController [http-nio-8080-exec-1] Delete route was accessed from [0:0:0:0:0:0:0:1].
2022-04-27 16:19:58,880 INFO tn.rnu.enicarthage.khadamni.controllers.OffersController [http-nio-8080-exec-1] Successful offer deletion attempt from [0:0:0:0:0:0:0:1] with id [87].
2022-04-27 16:27:19,040 INFO tn.rnu.enicarthage.khadamni.controllers.AuthController [http-nio-8080-exec-5] Register candidate route was accessed from [0:0:0:0:0:0:0:1].
2022-04-27 16:27:19,238 INFO tn.rnu.enicarthage.khadamni.controllers.AuthController [http-nio-8080-exec-5] Successful candidate registration attempt from [0:0:0:0:0:0:0:1]. New account was created with username [ihebhtewech@gmail.com].
2022-04-27 16:27:42,864 INFO tn.rnu.enicarthage.khadamni.controllers.AuthController [http-nio-8080-exec-8] Login route was accessed from [0:0:0:0:0:0:0:1] with email [ihebhtewech@gmail.com].
2022-04-27 16:27:43,054 INFO tn.rnu.enicarthage.khadamni.controllers.AuthController [http-nio-8080-exec-8] Successful login attempt from [0:0:0:0:0:0:0:1] with email [ihebhtewech@gmail.com].
2022-04-27 16:28:42,587 INFO tn.rnu.enicarthage.khadamni.controllers.AuthController [http-nio-8080-exec-9] Register company route was accessed from [0:0:0:0:0:0:0:1].
2022-04-27 16:28:42,737 INFO tn.rnu.enicarthage.khadamni.controllers.AuthController [http-nio-8080-exec-9] Successful company registration attempt from [0:0:0:0:0:0:0:1]. New account was created with username [mycompany@gmail.com].
2022-04-27 16:28:47,837 INFO tn.rnu.enicarthage.khadamni.controllers.OffersController [http-nio-8080-exec-3] Get by company route was accessed from [0:0:0:0:0:0:0:1] with company id [90].
2022-04-27 16:28:47,856 INFO tn.rnu.enicarthage.khadamni.controllers.OffersController [http-nio-8080-exec-3] Successful offer retrieval attempt from [0:0:0:0:0:0:0:1] with company id [90].
2022-04-27 16:30:00,500 INFO tn.rnu.enicarthage.khadamni.controllers.OffersController [http-nio-8080-exec-5] Add route was accessed from [0:0:0:0:0:0:0:1].
2022-04-27 16:30:00,548 INFO tn.rnu.enicarthage.khadamni.controllers.OffersController [http-nio-8080-exec-5] Successful offer creation attempt from [0:0:0:0:0:0:0:1].
2022-04-27 16:30:00,593 INFO tn.rnu.enicarthage.khadamni.controllers.OffersController [http-nio-8080-exec-8] Get by company route was accessed from [0:0:0:0:0:0:0:1] with company id [90].
2022-04-27 16:30:00,603 INFO tn.rnu.enicarthage.khadamni.controllers.OffersController [http-nio-8080-exec-8] Successful offer retrieval attempt from [0:0:0:0:0:0:0:1] with company id [90].
2022-04-27 16:30:05,994 INFO tn.rnu.enicarthage.khadamni.controllers.OffersController [http-nio-8080-exec-10] Get route was accessed from [0:0:0:0:0:0:0:1] with id [92].
2022-04-27 16:30:06,009 INFO tn.rnu.enicarthage.khadamni.controllers.OffersController [http-nio-8080-exec-10] Successful offer retrieval attempt from [0:0:0:0:0:0:0:1] with id [92].
2022-04-27 16:30:06,036 INFO tn.rnu.enicarthage.khadamni.controllers.CompaniesController [http-nio-8080-exec-3] Get route was accessed from [0:0:0:0:0:0:0:1] with id [91].
2022-04-27 16:30:06,053 INFO tn.rnu.enicarthage.khadamni.controllers.CompaniesController [http-nio-8080-exec-3] Successful company retrieval attempt from [0:0:0:0:0:0:0:1] with id [91].
2022-04-27 16:30:06,068 INFO tn.rnu.enicarthage.khadamni.controllers.CompaniesController [http-nio-8080-exec-4] Download photo route was accessed from [0:0:0:0:0:0:0:1] and id [91].
2022-04-27 16:30:06,073 INFO tn.rnu.enicarthage.khadamni.controllers.CompaniesController [http-nio-8080-exec-4] Successful photo retrieval attempt from [0:0:0:0:0:0:0:1] with id [91].
2022-04-27 16:30:14,785 INFO tn.rnu.enicarthage.khadamni.controllers.OffersController [http-nio-8080-exec-6] Get by company route was accessed from [0:0:0:0:0:0:0:1] with company id [90].
2022-04-27 16:30:15,014 INFO tn.rnu.enicarthage.khadamni.controllers.OffersController [http-nio-8080-exec-6] Successful offer retrieval attempt from [0:0:0:0:0:0:0:1] with company id [90].
2022-04-27 16:30:19,475 INFO tn.rnu.enicarthage.khadamni.controllers.OffersController [http-nio-8080-exec-7] Get route was accessed from [0:0:0:0:0:0:0:1] with id [92].
2022-04-27 16:30:19,484 INFO tn.rnu.enicarthage.khadamni.controllers.OffersController [http-nio-8080-exec-7] Successful offer retrieval attempt from [0:0:0:0:0:0:0:1] with id [92].
2022-04-27 16:30:48,759 INFO tn.rnu.enicarthage.khadamni.controllers.OffersController [http-nio-8080-exec-9] Update route was accessed from [0:0:0:0:0:0:0:1].
2022-04-27 16:30:48,786 INFO tn.rnu.enicarthage.khadamni.controllers.OffersController [http-nio-8080-exec-9] Successful offer update attempt from [0:0:0:0:0:0:0:1] with id [92].
2022-04-27 16:30:52,395 INFO tn.rnu.enicarthage.khadamni.controllers.OffersController [http-nio-8080-exec-1] Get by company route was accessed from [0:0:0:0:0:0:0:1] with company id [90].
2022-04-27 16:30:52,414 INFO tn.rnu.enicarthage.khadamni.controllers.OffersController [http-nio-8080-exec-1] Successful offer retrieval attempt from [0:0:0:0:0:0:0:1] with company id [90].
2022-04-27 16:30:55,281 INFO tn.rnu.enicarthage.khadamni.controllers.OffersController [http-nio-8080-exec-4] Get route was accessed from [0:0:0:0:0:0:0:1] with id [92].
2022-04-27 16:30:55,292 INFO tn.rnu.enicarthage.khadamni.controllers.OffersController [http-nio-8080-exec-4] Successful offer retrieval attempt from [0:0:0:0:0:0:0:1] with id [92].
2022-04-27 16:30:55,310 INFO tn.rnu.enicarthage.khadamni.controllers.CompaniesController [http-nio-8080-exec-6] Get route was accessed from [0:0:0:0:0:0:0:1] with id [91].
2022-04-27 16:30:55,323 INFO tn.rnu.enicarthage.khadamni.controllers.CompaniesController [http-nio-8080-exec-6] Successful company retrieval attempt from [0:0:0:0:0:0:0:1] with id [91].
2022-04-27 16:30:55,341 INFO tn.rnu.enicarthage.khadamni.controllers.CompaniesController [http-nio-8080-exec-5] Download photo route was accessed from [0:0:0:0:0:0:0:1] and id [91].
2022-04-27 16:30:55,353 INFO tn.rnu.enicarthage.khadamni.controllers.CompaniesController [http-nio-8080-exec-5] Successful photo retrieval attempt from [0:0:0:0:0:0:0:1] with id [91].
2022-04-27 16:31:06,192 INFO tn.rnu.enicarthage.khadamni.controllers.OffersController [http-nio-8080-exec-8] Get by company route was accessed from [0:0:0:0:0:0:0:1] with company id [90].
2022-04-27 16:31:06,207 INFO tn.rnu.enicarthage.khadamni.controllers.OffersController [http-nio-8080-exec-8] Successful offer retrieval attempt from [0:0:0:0:0:0:0:1] with company id [90].
2022-04-27 16:31:14,185 INFO tn.rnu.enicarthage.khadamni.controllers.OffersController [http-nio-8080-exec-10] Delete route was accessed from [0:0:0:0:0:0:0:1].
2022-04-27 16:31:14,214 INFO tn.rnu.enicarthage.khadamni.controllers.OffersController [http-nio-8080-exec-10] Successful offer deletion attempt from [0:0:0:0:0:0:0:1] with id [92].
2022-04-27 16:40:12,665 INFO tn.rnu.enicarthage.khadamni.controllers.AuthController [http-nio-8080-exec-2] Login route was accessed from [0:0:0:0:0:0:0:1] with email [mycompany@gmail.com].
2022-04-27 16:40:12,826 INFO tn.rnu.enicarthage.khadamni.controllers.AuthController [http-nio-8080-exec-2] Successful login attempt from [0:0:0:0:0:0:0:1] with email [mycompany@gmail.com].
2022-04-27 16:40:15,340 INFO tn.rnu.enicarthage.khadamni.controllers.OffersController [http-nio-8080-exec-5] Get by company route was accessed from [0:0:0:0:0:0:0:1] with company id [90].
2022-04-27 16:40:15,351 INFO tn.rnu.enicarthage.khadamni.controllers.OffersController [http-nio-8080-exec-5] Successful offer retrieval attempt from [0:0:0:0:0:0:0:1] with company id [90].
2022-04-27 16:40:20,769 INFO tn.rnu.enicarthage.khadamni.controllers.OffersController [http-nio-8080-exec-8] Get by company route was accessed from [0:0:0:0:0:0:0:1] with company id [90].
2022-04-27 16:40:20,776 INFO tn.rnu.enicarthage.khadamni.controllers.OffersController [http-nio-8080-exec-8] Successful offer retrieval attempt from [0:0:0:0:0:0:0:1] with company id [90].
